<?xml version="1.0" encoding="UTF-8"?>
<testng-results ignored="0" total="1" passed="1" failed="0" skipped="0">
  <reporter-output>
  </reporter-output>
  <suite started-at="2024-01-15T21:12:45 IST" name="Default suite" finished-at="2024-01-15T21:13:07 IST" duration-ms="22600">
    <groups>
    </groups>
    <test started-at="2024-01-15T21:12:45 IST" name="Default test" finished-at="2024-01-15T21:13:07 IST" duration-ms="22600">
      <class name="flipkarttestng">
        <test-method is-config="true" signature="setup()[pri:0, instance:flipkarttestng@209da20d]" started-at="2024-01-15T21:12:45 IST" name="setup" finished-at="2024-01-15T21:12:48 IST" duration-ms="3818" status="PASS">
          <reporter-output>
          </reporter-output>
        </test-method> <!-- setup -->
        <test-method signature="testFlipkartSearch()[pri:0, instance:flipkarttestng@209da20d]" started-at="2024-01-15T21:12:48 IST" name="testFlipkartSearch" finished-at="2024-01-15T21:13:06 IST" duration-ms="17923" status="PASS">
          <reporter-output>
          </reporter-output>
        </test-method> <!-- testFlipkartSearch -->
        <test-method is-config="true" signature="tearDown()[pri:0, instance:flipkarttestng@209da20d]" started-at="2024-01-15T21:13:06 IST" name="tearDown" finished-at="2024-01-15T21:13:07 IST" duration-ms="722" status="PASS">
          <reporter-output>
          </reporter-output>
        </test-method> <!-- tearDown -->
      </class> <!-- flipkarttestng -->
    </test> <!-- Default test -->
  </suite> <!-- Default suite -->
</testng-results>
